2016-10-03 09:37:29,694 - owslib - ERROR - Error: code=None, locator=None, text=org.n52.wps.server.ExceptionReport: XML datatype as LiteralParameter is not supported by the server: dataType xs:datetime
2016-10-03 09:37:29,694 - owslib - ERROR - Error: code=None, locator=None, text=org.n52.wps.server.ExceptionReport: XML datatype as LiteralParameter is not supported by the server: dataType xs:datetime
2016-10-03 09:46:28,884 - owslib - ERROR - Error: code=None, locator=None, text=org.n52.wps.server.ExceptionReport: XML datatype as LiteralParameter is not supported by the server: dataType xs:datetime
2016-10-03 09:46:28,884 - owslib - ERROR - Error: code=None, locator=None, text=org.n52.wps.server.ExceptionReport: XML datatype as LiteralParameter is not supported by the server: dataType xs:datetime
2016-10-03 09:54:34,660 - owslib - ERROR - Error: code=None, locator=None, text=org.n52.wps.server.ExceptionReport: XML datatype as LiteralParameter is not supported by the server: dataType xs:datetime
2016-10-03 09:54:34,660 - owslib - ERROR - Error: code=None, locator=None, text=org.n52.wps.server.ExceptionReport: XML datatype as LiteralParameter is not supported by the server: dataType xs:datetime
2016-10-18 12:35:01,558 - owslib - WARNING - An error occurred while checking status, checking again. Sleeping 10 seconds...
2016-10-18 12:36:43,006 - owslib - WARNING - An error occurred while checking status, checking again. Sleeping 10 seconds...
2016-10-18 12:37:57,631 - owslib - WARNING - An error occurred while checking status, checking again. Sleeping 10 seconds...
2016-10-18 12:38:37,648 - owslib - WARNING - An error occurred while checking status, checking again. Sleeping 10 seconds...
2016-11-23 16:18:54,625 - owslib - WARNING - An error occurred while checking status, checking again. Sleeping 10 seconds...
2016-11-23 16:19:34,641 - owslib - WARNING - An error occurred while checking status, checking again. Sleeping 10 seconds...
2016-11-23 16:20:14,655 - owslib - WARNING - An error occurred while checking status, checking again. Sleeping 10 seconds...
2016-11-23 16:20:54,671 - owslib - WARNING - An error occurred while checking status, checking again. Sleeping 10 seconds...
2016-11-23 16:21:46,420 - owslib - WARNING - An error occurred while checking status, checking again. Sleeping 10 seconds...
2016-11-23 16:22:26,436 - owslib - WARNING - An error occurred while checking status, checking again. Sleeping 10 seconds...
2016-11-23 16:24:38,539 - owslib - WARNING - An error occurred while checking status, checking again. Sleeping 10 seconds...
2016-11-23 16:25:49,678 - owslib - WARNING - An error occurred while checking status, checking again. Sleeping 10 seconds...
2016-11-23 16:27:16,963 - owslib - WARNING - An error occurred while checking status, checking again. Sleeping 10 seconds...
2016-11-28 16:35:17,250 - owslib - WARNING - An error occurred while checking status, checking again. Sleeping 10 seconds...
2016-11-28 21:51:18,697 - owslib - WARNING - An error occurred while checking status, checking again. Sleeping 10 seconds...
2016-11-28 21:51:58,727 - owslib - WARNING - An error occurred while checking status, checking again. Sleeping 10 seconds...
2016-11-28 21:52:38,757 - owslib - WARNING - An error occurred while checking status, checking again. Sleeping 10 seconds...
2016-11-28 21:53:18,786 - owslib - WARNING - An error occurred while checking status, checking again. Sleeping 10 seconds...
2016-11-30 15:48:45,944 - owslib - WARNING - An error occurred while checking status, checking again. Sleeping 10 seconds...
2016-12-01 01:54:35,954 - owslib - ERROR - Error: code=None, locator=None, text=IO Error :opendap.dap.DAP2Exception: Method failed:HTTP/1.1 502 Proxy Error on URL= http://cida.usgs.gov/thredds/dodsC/loca_future.dods?tasmin_CMCC-CMS_r1i1p1_rcp85[19092:1:19092][201:1:203][166:1:168]
2016-12-01 01:54:35,954 - owslib - ERROR - Error: code=None, locator=None, text=IO Error :opendap.dap.DAP2Exception: Method failed:HTTP/1.1 502 Proxy Error on URL= http://cida.usgs.gov/thredds/dodsC/loca_future.dods?tasmin_CMCC-CMS_r1i1p1_rcp85[19092:1:19092][201:1:203][166:1:168]
2016-12-01 08:19:31,463 - owslib - WARNING - An error occurred while checking status, checking again. Sleeping 10 seconds...
2016-12-01 08:20:11,463 - owslib - WARNING - An error occurred while checking status, checking again. Sleeping 10 seconds...
2016-12-01 08:21:43,092 - owslib - WARNING - An error occurred while checking status, checking again. Sleeping 10 seconds...
2016-12-01 08:22:23,092 - owslib - WARNING - An error occurred while checking status, checking again. Sleeping 10 seconds...
2016-12-01 08:26:44,923 - owslib - WARNING - An error occurred while checking status, checking again. Sleeping 10 seconds...
2016-12-01 08:27:24,926 - owslib - WARNING - An error occurred while checking status, checking again. Sleeping 10 seconds...
2016-12-01 10:52:04,706 - owslib - WARNING - An error occurred while checking status, checking again. Sleeping 10 seconds...
2016-12-01 10:52:44,706 - owslib - WARNING - An error occurred while checking status, checking again. Sleeping 10 seconds...
2016-12-01 11:14:06,796 - owslib - WARNING - An error occurred while checking status, checking again. Sleeping 10 seconds...
2016-12-01 11:14:46,805 - owslib - WARNING - An error occurred while checking status, checking again. Sleeping 10 seconds...
2016-12-01 11:21:32,395 - owslib - WARNING - An error occurred while checking status, checking again. Sleeping 10 seconds...
2016-12-04 08:20:49,933 - owslib - ERROR - Error: code=None, locator=None, text=org.n52.wps.server.ExceptionReport: Could not determine input format because none of the supported formats match the given schema ("null") and encoding ("null"). (A mimetype was not specified)
2016-12-04 08:20:49,933 - owslib - ERROR - Error: code=None, locator=None, text=org.n52.wps.server.ExceptionReport: Could not determine input format because none of the supported formats match the given schema ("null") and encoding ("null"). (A mimetype was not specified)
2016-12-05 13:33:08,318 - owslib - WARNING - An error occurred while checking status, checking again. Sleeping 10 seconds...
2016-12-06 09:40:40,075 - owslib - ERROR - Error: code=None, locator=None, text=org.n52.wps.server.ExceptionReport: Could not determine input format because none of the supported formats match the given schema ("null") and encoding ("null"). (A mimetype was not specified)
2016-12-06 09:40:40,075 - owslib - ERROR - Error: code=None, locator=None, text=org.n52.wps.server.ExceptionReport: Could not determine input format because none of the supported formats match the given schema ("null") and encoding ("null"). (A mimetype was not specified)
2016-12-06 20:02:36,259 - owslib - WARNING - An error occurred while checking status, checking again. Sleeping 10 seconds...
2016-12-07 07:58:26,246 - owslib - ERROR - Error: code=None, locator=None, text=org.n52.wps.server.ExceptionReport: Could not determine input format because none of the supported formats match the given schema ("null") and encoding ("null"). (A mimetype was not specified)
2016-12-07 07:58:26,246 - owslib - ERROR - Error: code=None, locator=None, text=org.n52.wps.server.ExceptionReport: Could not determine input format because none of the supported formats match the given schema ("null") and encoding ("null"). (A mimetype was not specified)
2016-12-07 08:52:30,328 - owslib - WARNING - An error occurred while checking status, checking again. Sleeping 10 seconds...
2016-12-07 14:47:54,423 - owslib - ERROR - Error: code=None, locator=None, text=org.n52.wps.server.ExceptionReport: Could not determine input format because none of the supported formats match the given schema ("null") and encoding ("null"). (A mimetype was not specified)
2016-12-07 14:47:54,423 - owslib - ERROR - Error: code=None, locator=None, text=org.n52.wps.server.ExceptionReport: Could not determine input format because none of the supported formats match the given schema ("null") and encoding ("null"). (A mimetype was not specified)
2016-12-07 15:55:59,255 - owslib - ERROR - Error: code=None, locator=None, text=org.n52.wps.server.ExceptionReport: Could not determine input format because none of the supported formats match the given schema ("null") and encoding ("null"). (A mimetype was not specified)
2016-12-07 15:55:59,255 - owslib - ERROR - Error: code=None, locator=None, text=org.n52.wps.server.ExceptionReport: Could not determine input format because none of the supported formats match the given schema ("null") and encoding ("null"). (A mimetype was not specified)
2016-12-08 09:03:41,352 - owslib - WARNING - An error occurred while checking status, checking again. Sleeping 10 seconds...
2016-12-12 08:29:49,786 - owslib - WARNING - An error occurred while checking status, checking again. Sleeping 10 seconds...
2016-12-12 08:50:20,759 - owslib - WARNING - An error occurred while checking status, checking again. Sleeping 10 seconds...
2016-12-12 08:52:41,744 - owslib - WARNING - An error occurred while checking status, checking again. Sleeping 10 seconds...
2016-12-12 08:53:21,775 - owslib - WARNING - An error occurred while checking status, checking again. Sleeping 10 seconds...
2016-12-12 10:50:54,614 - owslib - WARNING - An error occurred while checking status, checking again. Sleeping 10 seconds...
2016-12-12 10:51:34,644 - owslib - WARNING - An error occurred while checking status, checking again. Sleeping 10 seconds...
2016-12-12 10:52:00,526 - owslib - WARNING - An error occurred while checking status, checking again. Sleeping 10 seconds...
2016-12-12 10:52:10,621 - owslib - WARNING - An error occurred while checking status, checking again. Sleeping 10 seconds...
2016-12-12 10:52:20,713 - owslib - WARNING - An error occurred while checking status, checking again. Sleeping 10 seconds...
2016-12-12 10:52:30,792 - owslib - WARNING - An error occurred while checking status, checking again. Sleeping 10 seconds...
2016-12-12 10:52:40,947 - owslib - WARNING - An error occurred while checking status, checking again. Sleeping 10 seconds...
2016-12-12 10:52:51,040 - owslib - WARNING - An error occurred while checking status, checking again. Sleeping 10 seconds...
2016-12-12 10:53:01,134 - owslib - WARNING - An error occurred while checking status, checking again. Sleeping 10 seconds...
2016-12-12 10:53:11,213 - owslib - WARNING - An error occurred while checking status, checking again. Sleeping 10 seconds...
2016-12-12 17:07:31,164 - owslib - ERROR - Error: code=None, locator=None, text=IO Error :ucar.nc2.util.net.HTTPException: java.net.ConnectException: Connection refused (Connection refused)
2016-12-12 17:07:31,164 - owslib - ERROR - Error: code=None, locator=None, text=IO Error :ucar.nc2.util.net.HTTPException: java.net.ConnectException: Connection refused (Connection refused)
2016-12-12 17:36:55,397 - owslib - WARNING - An error occurred while checking status, checking again. Sleeping 10 seconds...
2016-12-12 17:37:06,660 - owslib - ERROR - Error: code=None, locator=None, text=IO Error :ucar.nc2.util.net.HTTPException: java.net.ConnectException: Connection refused (Connection refused)
2016-12-12 17:37:06,660 - owslib - ERROR - Error: code=None, locator=None, text=IO Error :ucar.nc2.util.net.HTTPException: java.net.ConnectException: Connection refused (Connection refused)
2016-12-14 11:11:28,365 - owslib - WARNING - An error occurred while checking status, checking again. Sleeping 10 seconds...
2016-12-14 15:36:17,318 - owslib - WARNING - An error occurred while checking status, checking again. Sleeping 10 seconds...
2016-12-14 15:48:01,213 - owslib - WARNING - An error occurred while checking status, checking again. Sleeping 10 seconds...
2016-12-14 15:58:00,334 - owslib - ERROR - Error: code=None, locator=None, text=None
2016-12-14 15:58:00,334 - owslib - ERROR - Error: code=None, locator=None, text=None
2016-12-14 16:43:27,822 - owslib - WARNING - An error occurred while checking status, checking again. Sleeping 10 seconds...
2016-12-14 16:48:07,569 - owslib - WARNING - An error occurred while checking status, checking again. Sleeping 10 seconds...
2016-12-14 16:57:17,500 - owslib - WARNING - An error occurred while checking status, checking again. Sleeping 10 seconds...
2016-12-14 17:43:38,815 - owslib - WARNING - An error occurred while checking status, checking again. Sleeping 10 seconds...
2016-12-14 19:58:03,865 - owslib - WARNING - An error occurred while checking status, checking again. Sleeping 10 seconds...
2016-12-14 19:58:14,038 - owslib - WARNING - An error occurred while checking status, checking again. Sleeping 10 seconds...
2016-12-14 19:58:24,395 - owslib - ERROR - Error: code=None, locator=None, text=IO Error :ucar.nc2.util.net.HTTPException: java.net.ConnectException: Connection refused (Connection refused)
2016-12-14 19:58:24,395 - owslib - ERROR - Error: code=None, locator=None, text=IO Error :ucar.nc2.util.net.HTTPException: java.net.ConnectException: Connection refused (Connection refused)
2016-12-15 12:12:50,357 - owslib - WARNING - An error occurred while checking status, checking again. Sleeping 10 seconds...
2016-12-15 13:12:41,660 - owslib - WARNING - An error occurred while checking status, checking again. Sleeping 10 seconds...
2016-12-15 13:13:21,789 - owslib - WARNING - An error occurred while checking status, checking again. Sleeping 10 seconds...
2016-12-15 16:23:18,920 - owslib - WARNING - An error occurred while checking status, checking again. Sleeping 10 seconds...
2016-12-29 13:31:20,154 - owslib - WARNING - An error occurred while checking status, checking again. Sleeping 10 seconds...
2016-12-29 14:44:33,371 - owslib - WARNING - An error occurred while checking status, checking again. Sleeping 10 seconds...
2017-01-02 15:05:51,130 - owslib - WARNING - An error occurred while checking status, checking again. Sleeping 10 seconds...
2017-01-02 15:48:55,114 - owslib - WARNING - An error occurred while checking status, checking again. Sleeping 10 seconds...
2017-01-02 17:03:12,262 - owslib - WARNING - An error occurred while checking status, checking again. Sleeping 10 seconds...
2017-01-02 17:50:08,122 - owslib - WARNING - An error occurred while checking status, checking again. Sleeping 10 seconds...
2017-01-02 17:51:55,141 - owslib - WARNING - An error occurred while checking status, checking again. Sleeping 10 seconds...
2017-01-02 17:56:38,921 - owslib - WARNING - An error occurred while checking status, checking again. Sleeping 10 seconds...
2017-01-02 19:17:54,203 - owslib - WARNING - An error occurred while checking status, checking again. Sleeping 10 seconds...
2017-01-02 19:51:30,737 - owslib - WARNING - An error occurred while checking status, checking again. Sleeping 10 seconds...
2017-01-03 00:19:55,243 - owslib - WARNING - An error occurred while checking status, checking again. Sleeping 10 seconds...
2017-01-03 02:23:10,489 - owslib - WARNING - An error occurred while checking status, checking again. Sleeping 10 seconds...
2017-01-03 03:10:59,609 - owslib - WARNING - An error occurred while checking status, checking again. Sleeping 10 seconds...
2017-01-03 03:34:43,750 - owslib - WARNING - An error occurred while checking status, checking again. Sleeping 10 seconds...
